# JRE version: OpenJDK Runtime Environment (8.0_152-b01) (build 1.8.0_152-release-1343-b01)
# Java VM: OpenJDK 64-Bit Server VM (25.152-b01 mixed mode bsd-amd64 compressed oops)
Heap:
 PSYoungGen      total 429056K, used 429026K [0x00000007a0000000, 0x00000007c0000000, 0x00000007c0000000)
  eden space 345600K, 100% used [0x00000007a0000000,0x00000007b5180000,0x00000007b5180000)
  from space 83456K, 99% used [0x00000007b5180000,0x00000007ba2f8968,0x00000007ba300000)
  to   space 95232K, 1% used [0x00000007ba300000,0x00000007ba4405a0,0x00000007c0000000)
 ParOldGen       total 536064K, used 312704K [0x0000000760000000, 0x0000000780b80000, 0x00000007a0000000)
  object space 536064K, 58% used [0x0000000760000000,0x00000007731c8388,0x0000000780b80000)
 Metaspace       used 97926K, capacity 103946K, committed 104104K, reserved 1138688K
  class space    used 12609K, capacity 13949K, committed 14000K, reserved 1048576K
GC Heap History (10 events):
Event: 68.851 GC heap after
Heap after GC invocations=19 (full 4):
 PSYoungGen      total 389120K, used 0K [0x00000007a0000000, 0x00000007c0000000, 0x00000007c0000000)
  eden space 318464K, 0% used [0x00000007a0000000,0x00000007a0000000,0x00000007b3700000)
  from space 70656K, 0% used [0x00000007b3700000,0x00000007b3700000,0x00000007b7c00000)
  to   space 81920K, 0% used [0x00000007bb000000,0x00000007bb000000,0x00000007c0000000)
 ParOldGen       total 536064K, used 199106K [0x0000000760000000, 0x0000000780b80000, 0x00000007a0000000)
  object space 536064K, 37% used [0x0000000760000000,0x000000076c270bc0,0x0000000780b80000)
 Metaspace       used 91695K, capacity 96600K, committed 97064K, reserved 1132544K
  class space    used 12072K, capacity 13203K, committed 13360K, reserved 1048576K
}
Event: 70.426 GC heap before
{Heap before GC invocations=20 (full 4):
 PSYoungGen      total 389120K, used 298499K [0x00000007a0000000, 0x00000007c0000000, 0x00000007c0000000)
  eden space 318464K, 93% used [0x00000007a0000000,0x00000007b2380d80,0x00000007b3700000)
  from space 70656K, 0% used [0x00000007b3700000,0x00000007b3700000,0x00000007b7c00000)
  to   space 81920K, 0% used [0x00000007bb000000,0x00000007bb000000,0x00000007c0000000)
 ParOldGen       total 536064K, used 199106K [0x0000000760000000, 0x0000000780b80000, 0x00000007a0000000)
  object space 536064K, 37% used [0x0000000760000000,0x000000076c270bc0,0x0000000780b80000)
 Metaspace       used 91710K, capacity 96620K, committed 97064K, reserved 1132544K
  class space    used 12078K, capacity 13207K, committed 13360K, reserved 1048576K
Event: 70.479 GC heap after
Heap after GC invocations=20 (full 4):
 PSYoungGen      total 422912K, used 73640K [0x00000007a0000000, 0x00000007c0000000, 0x00000007c0000000)
  eden space 340992K, 0% used [0x00000007a0000000,0x00000007a0000000,0x00000007b4d00000)
  from space 81920K, 89% used [0x00000007bb000000,0x00000007bf7ea300,0x00000007c0000000)
  to   space 91648K, 0% used [0x00000007b4d00000,0x00000007b4d00000,0x00000007ba680000)
 ParOldGen       total 536064K, used 199114K [0x0000000760000000, 0x0000000780b80000, 0x00000007a0000000)
  object space 536064K, 37% used [0x0000000760000000,0x000000076c272bc0,0x0000000780b80000)
 Metaspace       used 91710K, capacity 96620K, committed 97064K, reserved 1132544K
  class space    used 12078K, capacity 13207K, committed 13360K, reserved 1048576K
}
Event: 529.861 GC heap before
{Heap before GC invocations=21 (full 4):
 PSYoungGen      total 422912K, used 414632K [0x00000007a0000000, 0x00000007c0000000, 0x00000007c0000000)
  eden space 340992K, 100% used [0x00000007a0000000,0x00000007b4d00000,0x00000007b4d00000)
  from space 81920K, 89% used [0x00000007bb000000,0x00000007bf7ea300,0x00000007c0000000)
  to   space 91648K, 0% used [0x00000007b4d00000,0x00000007b4d00000,0x00000007ba680000)
 ParOldGen       total 536064K, used 199114K [0x0000000760000000, 0x0000000780b80000, 0x00000007a0000000)
  object space 536064K, 37% used [0x0000000760000000,0x000000076c272bc0,0x0000000780b80000)
 Metaspace       used 93295K, capacity 98640K, committed 98728K, reserved 1134592K
  class space    used 12230K, capacity 13460K, committed 13488K, reserved 1048576K
Event: 529.961 GC heap after
Heap after GC invocations=21 (full 4):
 PSYoungGen      total 432640K, used 33183K [0x00000007a0000000, 0x00000007c0000000, 0x00000007c0000000)
  eden space 340992K, 0% used [0x00000007a0000000,0x00000007a0000000,0x00000007b4d00000)
  from space 91648K, 36% used [0x00000007b4d00000,0x00000007b6d67f68,0x00000007ba680000)
  to   space 87040K, 0% used [0x00000007bab00000,0x00000007bab00000,0x00000007c0000000)
 ParOldGen       total 536064K, used 240170K [0x0000000760000000, 0x0000000780b80000, 0x00000007a0000000)
  object space 536064K, 44% used [0x0000000760000000,0x000000076ea8abd0,0x0000000780b80000)
 Metaspace       used 93295K, capacity 98640K, committed 98728K, reserved 1134592K
  class space    used 12230K, capacity 13460K, committed 13488K, reserved 1048576K
}
Event: 605.155 GC heap before
{Heap before GC invocations=22 (full 4):
 PSYoungGen      total 432640K, used 374175K [0x00000007a0000000, 0x00000007c0000000, 0x00000007c0000000)
  eden space 340992K, 100% used [0x00000007a0000000,0x00000007b4d00000,0x00000007b4d00000)
  from space 91648K, 36% used [0x00000007b4d00000,0x00000007b6d67f68,0x00000007ba680000)
  to   space 87040K, 0% used [0x00000007bab00000,0x00000007bab00000,0x00000007c0000000)
 ParOldGen       total 536064K, used 240170K [0x0000000760000000, 0x0000000780b80000, 0x00000007a0000000)
  object space 536064K, 44% used [0x0000000760000000,0x000000076ea8abd0,0x0000000780b80000)
 Metaspace       used 95404K, capacity 101118K, committed 101288K, reserved 1136640K
  class space    used 12409K, capacity 13709K, committed 13744K, reserved 1048576K
Event: 605.237 GC heap after
Heap after GC invocations=22 (full 4):
 PSYoungGen      total 420864K, used 39800K [0x00000007a0000000, 0x00000007bf480000, 0x00000007c0000000)
  eden space 345600K, 0% used [0x00000007a0000000,0x00000007a0000000,0x00000007b5180000)
  from space 75264K, 52% used [0x00000007bab00000,0x00000007bd1de018,0x00000007bf480000)
  to   space 83456K, 0% used [0x00000007b5180000,0x00000007b5180000,0x00000007ba300000)
 ParOldGen       total 536064K, used 243413K [0x0000000760000000, 0x0000000780b80000, 0x00000007a0000000)
  object space 536064K, 45% used [0x0000000760000000,0x000000076edb55d0,0x0000000780b80000)
 Metaspace       used 95404K, capacity 101118K, committed 101288K, reserved 1136640K
  class space    used 12409K, capacity 13709K, committed 13744K, reserved 1048576K
}
Event: 612.262 GC heap before
{Heap before GC invocations=23 (full 4):
 PSYoungGen      total 420864K, used 385400K [0x00000007a0000000, 0x00000007bf480000, 0x00000007c0000000)
  eden space 345600K, 100% used [0x00000007a0000000,0x00000007b5180000,0x00000007b5180000)
  from space 75264K, 52% used [0x00000007bab00000,0x00000007bd1de018,0x00000007bf480000)
  to   space 83456K, 0% used [0x00000007b5180000,0x00000007b5180000,0x00000007ba300000)
 ParOldGen       total 536064K, used 243413K [0x0000000760000000, 0x0000000780b80000, 0x00000007a0000000)
  object space 536064K, 45% used [0x0000000760000000,0x000000076edb55d0,0x0000000780b80000)
 Metaspace       used 97396K, capacity 103296K, committed 103464K, reserved 1138688K
  class space    used 12544K, capacity 13860K, committed 13872K, reserved 1048576K
Event: 612.406 GC heap after
Heap after GC invocations=23 (full 4):
 PSYoungGen      total 429056K, used 83426K [0x00000007a0000000, 0x00000007c0000000, 0x00000007c0000000)
  eden space 345600K, 0% used [0x00000007a0000000,0x00000007a0000000,0x00000007b5180000)
  from space 83456K, 99% used [0x00000007b5180000,0x00000007ba2f8968,0x00000007ba300000)
  to   space 95232K, 0% used [0x00000007ba300000,0x00000007ba300000,0x00000007c0000000)
 ParOldGen       total 536064K, used 269080K [0x0000000760000000, 0x0000000780b80000, 0x00000007a0000000)
  object space 536064K, 50% used [0x0000000760000000,0x00000007706c6038,0x0000000780b80000)
 Metaspace       used 97396K, capacity 103296K, committed 103464K, reserved 1138688K
  class space    used 12544K, capacity 13860K, committed 13872K, reserved 1048576K
}
Event: 617.813 GC heap before
{Heap before GC invocations=24 (full 4):
 PSYoungGen      total 429056K, used 429026K [0x00000007a0000000, 0x00000007c0000000, 0x00000007c0000000)
  eden space 345600K, 100% used [0x00000007a0000000,0x00000007b5180000,0x00000007b5180000)
  from space 83456K, 99% used [0x00000007b5180000,0x00000007ba2f8968,0x00000007ba300000)
  to   space 95232K, 0% used [0x00000007ba300000,0x00000007ba300000,0x00000007c0000000)
 ParOldGen       total 536064K, used 269080K [0x0000000760000000, 0x0000000780b80000, 0x00000007a0000000)
  object space 536064K, 50% used [0x0000000760000000,0x00000007706c6038,0x0000000780b80000)
 Metaspace       used 97926K, capacity 103946K, committed 104104K, reserved 1138688K
  class space    used 12609K, capacity 13949K, committed 14000K, reserved 1048576K

