# JRE version: OpenJDK Runtime Environment (8.0_152-b01) (build 1.8.0_152-release-1343-b01)
# Java VM: OpenJDK 64-Bit Server VM (25.152-b01 mixed mode bsd-amd64 compressed oops)
Heap:
 PSYoungGen      total 233472K, used 218916K [0x00000007a0000000, 0x00000007b1600000, 0x00000007c0000000)
  eden space 207872K, 100% used [0x00000007a0000000,0x00000007acb00000,0x00000007acb00000)
  from space 25600K, 43% used [0x00000007acb00000,0x00000007ad5c9040,0x00000007ae400000)
  to   space 24576K, 99% used [0x00000007afe00000,0x00000007b15fd0c0,0x00000007b1600000)
 ParOldGen       total 271360K, used 50753K [0x0000000760000000, 0x0000000770900000, 0x00000007a0000000)
  object space 271360K, 18% used [0x0000000760000000,0x0000000763196418,0x0000000770900000)
 Metaspace       used 69451K, capacity 73044K, committed 73216K, reserved 1112064K
  class space    used 9168K, capacity 10153K, committed 10240K, reserved 1048576K
GC Heap History (10 events):
Event: 11.600 GC heap after
Heap after GC invocations=10 (full 2):
 PSYoungGen      total 195584K, used 15840K [0x00000007a0000000, 0x00000007adb80000, 0x00000007c0000000)
  eden space 179712K, 0% used [0x00000007a0000000,0x00000007a0000000,0x00000007aaf80000)
  from space 15872K, 99% used [0x00000007ac380000,0x00000007ad2f8290,0x00000007ad300000)
  to   space 20480K, 0% used [0x00000007aaf80000,0x00000007aaf80000,0x00000007ac380000)
 ParOldGen       total 177664K, used 26055K [0x0000000760000000, 0x000000076ad80000, 0x00000007a0000000)
  object space 177664K, 14% used [0x0000000760000000,0x0000000761971c40,0x000000076ad80000)
 Metaspace       used 53422K, capacity 54960K, committed 55168K, reserved 1097728K
  class space    used 7356K, capacity 7805K, committed 7808K, reserved 1048576K
}
Event: 12.935 GC heap before
{Heap before GC invocations=11 (full 2):
 PSYoungGen      total 195584K, used 88316K [0x00000007a0000000, 0x00000007adb80000, 0x00000007c0000000)
  eden space 179712K, 40% used [0x00000007a0000000,0x00000007a46c7090,0x00000007aaf80000)
  from space 15872K, 99% used [0x00000007ac380000,0x00000007ad2f8290,0x00000007ad300000)
  to   space 20480K, 0% used [0x00000007aaf80000,0x00000007aaf80000,0x00000007ac380000)
 ParOldGen       total 177664K, used 26055K [0x0000000760000000, 0x000000076ad80000, 0x00000007a0000000)
  object space 177664K, 14% used [0x0000000760000000,0x0000000761971c40,0x000000076ad80000)
 Metaspace       used 57159K, capacity 58914K, committed 59008K, reserved 1099776K
  class space    used 7843K, capacity 8320K, committed 8320K, reserved 1048576K
Event: 12.957 GC heap after
Heap after GC invocations=11 (full 2):
 PSYoungGen      total 200192K, used 20461K [0x00000007a0000000, 0x00000007b0c80000, 0x00000007c0000000)
  eden space 179712K, 0% used [0x00000007a0000000,0x00000007a0000000,0x00000007aaf80000)
  from space 20480K, 99% used [0x00000007aaf80000,0x00000007ac37b748,0x00000007ac380000)
  to   space 24576K, 0% used [0x00000007af480000,0x00000007af480000,0x00000007b0c80000)
 ParOldGen       total 177664K, used 29405K [0x0000000760000000, 0x000000076ad80000, 0x00000007a0000000)
  object space 177664K, 16% used [0x0000000760000000,0x0000000761cb76b8,0x000000076ad80000)
 Metaspace       used 57159K, capacity 58914K, committed 59008K, reserved 1099776K
  class space    used 7843K, capacity 8320K, committed 8320K, reserved 1048576K
}
Event: 12.957 GC heap before
{Heap before GC invocations=12 (full 3):
 PSYoungGen      total 200192K, used 20461K [0x00000007a0000000, 0x00000007b0c80000, 0x00000007c0000000)
  eden space 179712K, 0% used [0x00000007a0000000,0x00000007a0000000,0x00000007aaf80000)
  from space 20480K, 99% used [0x00000007aaf80000,0x00000007ac37b748,0x00000007ac380000)
  to   space 24576K, 0% used [0x00000007af480000,0x00000007af480000,0x00000007b0c80000)
 ParOldGen       total 177664K, used 29405K [0x0000000760000000, 0x000000076ad80000, 0x00000007a0000000)
  object space 177664K, 16% used [0x0000000760000000,0x0000000761cb76b8,0x000000076ad80000)
 Metaspace       used 57159K, capacity 58914K, committed 59008K, reserved 1099776K
  class space    used 7843K, capacity 8320K, committed 8320K, reserved 1048576K
Event: 13.345 GC heap after
Heap after GC invocations=12 (full 3):
 PSYoungGen      total 200192K, used 0K [0x00000007a0000000, 0x00000007b0c80000, 0x00000007c0000000)
  eden space 179712K, 0% used [0x00000007a0000000,0x00000007a0000000,0x00000007aaf80000)
  from space 20480K, 0% used [0x00000007aaf80000,0x00000007aaf80000,0x00000007ac380000)
  to   space 24576K, 0% used [0x00000007af480000,0x00000007af480000,0x00000007b0c80000)
 ParOldGen       total 271360K, used 37938K [0x0000000760000000, 0x0000000770900000, 0x00000007a0000000)
  object space 271360K, 13% used [0x0000000760000000,0x000000076250c810,0x0000000770900000)
 Metaspace       used 57159K, capacity 58914K, committed 59008K, reserved 1099776K
  class space    used 7843K, capacity 8320K, committed 8320K, reserved 1048576K
}
Event: 50.368 GC heap before
{Heap before GC invocations=13 (full 3):
 PSYoungGen      total 200192K, used 179712K [0x00000007a0000000, 0x00000007b0c80000, 0x00000007c0000000)
  eden space 179712K, 100% used [0x00000007a0000000,0x00000007aaf80000,0x00000007aaf80000)
  from space 20480K, 0% used [0x00000007aaf80000,0x00000007aaf80000,0x00000007ac380000)
  to   space 24576K, 0% used [0x00000007af480000,0x00000007af480000,0x00000007b0c80000)
 ParOldGen       total 271360K, used 37938K [0x0000000760000000, 0x0000000770900000, 0x00000007a0000000)
  object space 271360K, 13% used [0x0000000760000000,0x000000076250c810,0x0000000770900000)
 Metaspace       used 57410K, capacity 59074K, committed 59392K, reserved 1099776K
  class space    used 7845K, capacity 8352K, committed 8448K, reserved 1048576K
Event: 50.371 GC heap after
Heap after GC invocations=13 (full 3):
 PSYoungGen      total 216576K, used 224K [0x00000007a0000000, 0x00000007afd00000, 0x00000007c0000000)
  eden space 207872K, 0% used [0x00000007a0000000,0x00000007a0000000,0x00000007acb00000)
  from space 8704K, 2% used [0x00000007af480000,0x00000007af4b8000,0x00000007afd00000)
  to   space 25600K, 0% used [0x00000007acb00000,0x00000007acb00000,0x00000007ae400000)
 ParOldGen       total 271360K, used 37946K [0x0000000760000000, 0x0000000770900000, 0x00000007a0000000)
  object space 271360K, 13% used [0x0000000760000000,0x000000076250e810,0x0000000770900000)
 Metaspace       used 57410K, capacity 59074K, committed 59392K, reserved 1099776K
  class space    used 7845K, capacity 8352K, committed 8448K, reserved 1048576K
}
Event: 54.636 GC heap before
{Heap before GC invocations=14 (full 3):
 PSYoungGen      total 216576K, used 208096K [0x00000007a0000000, 0x00000007afd00000, 0x00000007c0000000)
  eden space 207872K, 100% used [0x00000007a0000000,0x00000007acb00000,0x00000007acb00000)
  from space 8704K, 2% used [0x00000007af480000,0x00000007af4b8000,0x00000007afd00000)
  to   space 25600K, 0% used [0x00000007acb00000,0x00000007acb00000,0x00000007ae400000)
 ParOldGen       total 271360K, used 37946K [0x0000000760000000, 0x0000000770900000, 0x00000007a0000000)
  object space 271360K, 13% used [0x0000000760000000,0x000000076250e810,0x0000000770900000)
 Metaspace       used 62729K, capacity 64790K, committed 64896K, reserved 1105920K
  class space    used 8450K, capacity 9056K, committed 9088K, reserved 1048576K
Event: 54.648 GC heap after
Heap after GC invocations=14 (full 3):
 PSYoungGen      total 233472K, used 11044K [0x00000007a0000000, 0x00000007b1600000, 0x00000007c0000000)
  eden space 207872K, 0% used [0x00000007a0000000,0x00000007a0000000,0x00000007acb00000)
  from space 25600K, 43% used [0x00000007acb00000,0x00000007ad5c9040,0x00000007ae400000)
  to   space 24576K, 0% used [0x00000007afe00000,0x00000007afe00000,0x00000007b1600000)
 ParOldGen       total 271360K, used 37954K [0x0000000760000000, 0x0000000770900000, 0x00000007a0000000)
  object space 271360K, 13% used [0x0000000760000000,0x0000000762510810,0x0000000770900000)
 Metaspace       used 62729K, capacity 64790K, committed 64896K, reserved 1105920K
  class space    used 8450K, capacity 9056K, committed 9088K, reserved 1048576K
}
Event: 60.660 GC heap before
{Heap before GC invocations=15 (full 3):
 PSYoungGen      total 233472K, used 218916K [0x00000007a0000000, 0x00000007b1600000, 0x00000007c0000000)
  eden space 207872K, 100% used [0x00000007a0000000,0x00000007acb00000,0x00000007acb00000)
  from space 25600K, 43% used [0x00000007acb00000,0x00000007ad5c9040,0x00000007ae400000)
  to   space 24576K, 0% used [0x00000007afe00000,0x00000007afe00000,0x00000007b1600000)
 ParOldGen       total 271360K, used 37954K [0x0000000760000000, 0x0000000770900000, 0x00000007a0000000)
  object space 271360K, 13% used [0x0000000760000000,0x0000000762510810,0x0000000770900000)
 Metaspace       used 69451K, capacity 73044K, committed 73216K, reserved 1112064K
  class space    used 9168K, capacity 10153K, committed 10240K, reserved 1048576K

